#
# There is insufficient memory for the Java Runtime Environment to continue.
# Native memory allocation (mmap) failed to map 134217728 bytes. Error detail: G1 virtual space
# Possible reasons:
#   The system is out of physical RAM or swap space
#   This process is running with CompressedOops enabled, and the Java Heap may be blocking the growth of the native heap
# Possible solutions:
#   Reduce memory load on the system
#   Increase physical memory or swap space
#   Check if swap backing store is full
#   Decrease Java heap size (-Xmx/-Xms)
#   Decrease number of Java threads
#   Decrease Java thread stack sizes (-Xss)
#   Set larger code cache with -XX:ReservedCodeCacheSize=
#   JVM is running with Unscaled Compressed Oops mode in which the Java heap is
#     placed in the first 4GB address space. The Java Heap base address is the
#     maximum limit for the native heap growth. Please use -XX:HeapBaseMinAddress
#     to set the Java Heap base and to place the Java Heap above 4GB virtual address.
# This output file may be truncated or incomplete.
#
#  Out of Memory Error (os_windows.cpp:3614), pid=9008, tid=16296
#
# JRE version:  (17.0.13+11) (build )
# Java VM: OpenJDK 64-Bit Server VM (17.0.13+11, mixed mode, sharing, tiered, compressed oops, compressed class ptrs, g1 gc, windows-amd64)
# No core dump will be written. Minidumps are not enabled by default on client versions of Windows
#

---------------  S U M M A R Y ------------

Command Line: -Dnet.bytebuddy.agent.attacher.dump= net.bytebuddy.agent.Attacher com.sun.tools.attach.VirtualMachine 10844 C:\Users\USER\.m2\repository\net\bytebuddy\byte-buddy-agent\1.14.13\byte-buddy-agent-1.14.13.jar false 

Host: Intel(R) Core(TM) i3-5005U CPU @ 2.00GHz, 4 cores, 7G,  Windows 10 , 64 bit Build 19041 (10.0.19041.5438)
Time: Thu Jul  3 22:30:04 2025 Arab Standard Time elapsed time: 0.011965 seconds (0d 0h 0m 0s)

---------------  T H R E A D  ---------------

Current thread (0x00000228b184f1b0):  JavaThread "Unknown thread" [_thread_in_vm, id=16296, stack(0x0000004620300000,0x0000004620400000)]

Stack: [0x0000004620300000,0x0000004620400000]
Native frames: (J=compiled Java code, j=interpreted, Vv=VM code, C=native code)
V  [jvm.dll+0x682a19]
V  [jvm.dll+0x839538]
V  [jvm.dll+0x83afe3]
V  [jvm.dll+0x83b653]
V  [jvm.dll+0x24704f]
V  [jvm.dll+0x67f809]
V  [jvm.dll+0x6746fa]
V  [jvm.dll+0x304a96]
V  [jvm.dll+0x30bf56]
V  [jvm.dll+0x35da5e]
V  [jvm.dll+0x35dc9d]
V  [jvm.dll+0x2dbe5c]
V  [jvm.dll+0x2dcd74]
V  [jvm.dll+0x80b44b]
V  [jvm.dll+0x36b491]
V  [jvm.dll+0x7e9e3f]
V  [jvm.dll+0x3f1d7f]
V  [jvm.dll+0x3f38b1]
C  [jli.dll+0x5278]
C  [ucrtbase.dll+0x21bb2]
C  [KERNEL32.DLL+0x17374]
C  [ntdll.dll+0x4cc91]


---------------  P R O C E S S  ---------------

Threads class SMR info:
_java_thread_list=0x00007ff8fb6d7f58, length=0, elements={
}

Java Threads: ( => current thread )

Other Threads:
  0x00000228b18a7d90 GCTaskThread "GC Thread#0" [stack: 0x0000004620400000,0x0000004620500000] [id=15732]
  0x00000228b18b8a20 ConcurrentGCThread "G1 Main Marker" [stack: 0x0000004620500000,0x0000004620600000] [id=11096]
  0x00000228b18b9440 ConcurrentGCThread "G1 Conc#0" [stack: 0x0000004620600000,0x0000004620700000] [id=12932]

[error occurred during error reporting (printing all threads), id 0xc0000005, EXCEPTION_ACCESS_VIOLATION (0xc0000005) at pc=0x00007ff8fae8c987]

VM state: not at safepoint (not fully initialized)

VM Mutex/Monitor currently owned by a thread:  ([mutex/lock_event])
[0x00000228b1849070] Heap_lock - owner thread: 0x00000228b184f1b0

Heap address: 0x0000000081600000, size: 2026 MB, Compressed Oops mode: 32-bit

CDS archive(s) mapped at: [0x0000000000000000-0x0000000000000000-0x0000000000000000), size 0, SharedBaseAddress: 0x0000000800000000, ArchiveRelocationMode: 1.
Narrow klass base: 0x0000000000000000, Narrow klass shift: 0, Narrow klass range: 0x0

GC Precious Log:
<Empty>

Heap:
 garbage-first heap   total 0K, used 0K [0x0000000081600000, 0x0000000100000000)
  region size 1024K, 0 young (0K), 0 survivors (0K)

[error occurred during error reporting (printing heap information), id 0xc0000005, EXCEPTION_ACCESS_VIOLATION (0xc0000005) at pc=0x00007ff8fb27c179]

GC Heap History (0 events):
No events

Dll operation events (1 events):
Event: 0.007 Loaded shared library C:\Program Files\Java\jdk-17.0.13.11-hotspot\bin\java.dll

Deoptimization events (0 events):
No events

Classes loaded (0 events):
No events

Classes unloaded (0 events):
No events

Classes redefined (0 events):
No events

Internal exceptions (0 events):
No events

VM Operations (0 events):
No events

Memory protections (0 events):
No events

Nmethod flushes (0 events):
No events

Events (0 events):
No events


Dynamic libraries:
0x00007ff6a9090000 - 0x00007ff6a909e000 	C:\Program Files\Java\jdk-17.0.13.11-hotspot\bin\java.exe
0x00007ff98eeb0000 - 0x00007ff98f0a8000 	C:\Windows\SYSTEM32\ntdll.dll
0x00007ff98dbc0000 - 0x00007ff98dc82000 	C:\Windows\System32\KERNEL32.DLL
0x00007ff98c810000 - 0x00007ff98cb0f000 	C:\Windows\System32\KERNELBASE.dll
0x00007ff98cce0000 - 0x00007ff98cde0000 	C:\Windows\System32\ucrtbase.dll
0x00007ff979580000 - 0x00007ff979597000 	C:\Program Files\Java\jdk-17.0.13.11-hotspot\bin\jli.dll
0x00007ff977900000 - 0x00007ff97791e000 	C:\Program Files\Java\jdk-17.0.13.11-hotspot\bin\VCRUNTIME140.dll
0x00007ff98e8d0000 - 0x00007ff98ea6d000 	C:\Windows\System32\USER32.dll
0x00007ff98c7e0000 - 0x00007ff98c802000 	C:\Windows\System32\win32u.dll
0x00007ff977050000 - 0x00007ff9772ea000 	C:\Windows\WinSxS\amd64_microsoft.windows.common-controls_6595b64144ccf1df_6.0.19041.4355_none_60b8b9eb71f62e16\COMCTL32.dll
0x00007ff98e8a0000 - 0x00007ff98e8cb000 	C:\Windows\System32\GDI32.dll
0x00007ff98db20000 - 0x00007ff98dbbe000 	C:\Windows\System32\msvcrt.dll
0x00007ff98cb10000 - 0x00007ff98cc2a000 	C:\Windows\System32\gdi32full.dll
0x00007ff98cde0000 - 0x00007ff98ce7d000 	C:\Windows\System32\msvcp_win.dll
0x00007ff98ecb0000 - 0x00007ff98ecdf000 	C:\Windows\System32\IMM32.DLL
0x00007ff979920000 - 0x00007ff97992c000 	C:\Program Files\Java\jdk-17.0.13.11-hotspot\bin\vcruntime140_1.dll
0x00007ff968c00000 - 0x00007ff968c8d000 	C:\Program Files\Java\jdk-17.0.13.11-hotspot\bin\msvcp140.dll
0x00007ff8faba0000 - 0x00007ff8fb80b000 	C:\Program Files\Java\jdk-17.0.13.11-hotspot\bin\server\jvm.dll
0x00007ff98e630000 - 0x00007ff98e6df000 	C:\Windows\System32\ADVAPI32.dll
0x00007ff98d160000 - 0x00007ff98d1ff000 	C:\Windows\System32\sechost.dll
0x00007ff98ed40000 - 0x00007ff98ee63000 	C:\Windows\System32\RPCRT4.dll
0x00007ff98c7b0000 - 0x00007ff98c7d7000 	C:\Windows\System32\bcrypt.dll
0x00007ff98e5c0000 - 0x00007ff98e62b000 	C:\Windows\System32\WS2_32.dll
0x00007ff98c3b0000 - 0x00007ff98c3fb000 	C:\Windows\SYSTEM32\POWRPROF.dll
0x00007ff97a320000 - 0x00007ff97a32a000 	C:\Windows\SYSTEM32\VERSION.dll
0x00007ff9763e0000 - 0x00007ff976407000 	C:\Windows\SYSTEM32\WINMM.dll
0x00007ff98c390000 - 0x00007ff98c3a2000 	C:\Windows\SYSTEM32\UMPDC.dll
0x00007ff98a390000 - 0x00007ff98a3a2000 	C:\Windows\SYSTEM32\kernel.appcore.dll
0x00007ff9796f0000 - 0x00007ff9796fa000 	C:\Program Files\Java\jdk-17.0.13.11-hotspot\bin\jimage.dll
0x00007ff978d40000 - 0x00007ff978f24000 	C:\Windows\SYSTEM32\DBGHELP.DLL
0x00007ff972710000 - 0x00007ff972744000 	C:\Windows\SYSTEM32\dbgcore.DLL
0x00007ff98c6b0000 - 0x00007ff98c732000 	C:\Windows\System32\bcryptPrimitives.dll
0x00007ff975380000 - 0x00007ff9753a5000 	C:\Program Files\Java\jdk-17.0.13.11-hotspot\bin\java.dll

dbghelp: loaded successfully - version: 4.0.5 - missing functions: none
symbol engine: initialized successfully - sym options: 0x614 - pdb path: .;C:\Program Files\Java\jdk-17.0.13.11-hotspot\bin;C:\Windows\SYSTEM32;C:\Windows\WinSxS\amd64_microsoft.windows.common-controls_6595b64144ccf1df_6.0.19041.4355_none_60b8b9eb71f62e16;C:\Program Files\Java\jdk-17.0.13.11-hotspot\bin\server

VM Arguments:
jvm_args: -Dnet.bytebuddy.agent.attacher.dump= 
java_command: net.bytebuddy.agent.Attacher com.sun.tools.attach.VirtualMachine 10844 C:\Users\USER\.m2\repository\net\bytebuddy\byte-buddy-agent\1.14.13\byte-buddy-agent-1.14.13.jar false 
java_class_path (initial): C:\Users\USER\.m2\repository\net\bytebuddy\byte-buddy-agent\1.14.13\byte-buddy-agent-1.14.13.jar
Launcher Type: SUN_STANDARD

[Global flags]
     intx CICompilerCount                          = 3                                         {product} {ergonomic}
     uint ConcGCThreads                            = 1                                         {product} {ergonomic}
     uint G1ConcRefinementThreads                  = 4                                         {product} {ergonomic}
   size_t G1HeapRegionSize                         = 1048576                                   {product} {ergonomic}
    uintx GCDrainStackTargetSize                   = 64                                        {product} {ergonomic}
   size_t InitialHeapSize                          = 134217728                                 {product} {ergonomic}
   size_t MarkStackSize                            = 4194304                                   {product} {ergonomic}
   size_t MaxHeapSize                              = 2124414976                                {product} {ergonomic}
   size_t MinHeapDeltaBytes                        = 1048576                                   {product} {ergonomic}
   size_t MinHeapSize                              = 8388608                                   {product} {ergonomic}
    uintx NonNMethodCodeHeapSize                   = 5832780                                {pd product} {ergonomic}
    uintx NonProfiledCodeHeapSize                  = 122912730                              {pd product} {ergonomic}
    uintx ProfiledCodeHeapSize                     = 122912730                              {pd product} {ergonomic}
    uintx ReservedCodeCacheSize                    = 251658240                              {pd product} {ergonomic}
     bool SegmentedCodeCache                       = true                                      {product} {ergonomic}
   size_t SoftMaxHeapSize                          = 2124414976                             {manageable} {ergonomic}
     bool UseCompressedClassPointers               = true                           {product lp64_product} {ergonomic}
     bool UseCompressedOops                        = true                           {product lp64_product} {ergonomic}
     bool UseG1GC                                  = true                                      {product} {ergonomic}
     bool UseLargePagesIndividualAllocation        = false                                  {pd product} {ergonomic}

Logging:
Log output configuration:
 #0: stdout all=warning uptime,level,tags
 #1: stderr all=off uptime,level,tags

Environment Variables:
JAVA_HOME=C:\Program Files\Java\jdk-17.0.13.11-hotspot
PATH=C:\Program Files\Microsoft\jdk-17.0.14.7-hotspot\bin;C:\Program Files\Eclipse Adoptium\jdk-17.0.13.11-hotspot\bin;C:\Python312\Scripts\;C:\Python312\;C:\Program Files\Common Files\Oracle\Java\javapath;C:\Program Files (x86)\Common Files\Oracle\Java\java8path;C:\Program Files (x86)\Common Files\Oracle\Java\javapath;C:\Python311\Scripts\;C:\Python311\;C:\Windows\system32;C:\Windows;C:\Windows\System32\Wbem;C:\Windows\System32\WindowsPowerShell\v1.0\;C:\Windows\System32\OpenSSH\;C:\ProgramData\chocolatey\bin;C:\Program Files\Git\cmd;C:\Program Files\Graphviz\bin;C:\Program Files\apache-maven-3.9.0\bin;C:\Program Files\Microsoft\jdk-17.0.14.7-hotspot\\bin;C:\PHP;C:\composer;C:\javafx-sdk-21.0.2\lib;C:\Program Files\PostgreSQL\17\bin;C:\Program Files\MongoDB\Server\8.0\bin;C:\Program Files\nodejs\;C:\Program Files\Memurai\;C:\Program Files\Docker\Docker\resources\bin;C:\Users\USER\AppData\Local\Microsoft\WindowsApps;C:\Users\USER\AppData\Local\Programs\Microsoft VS Code\bin;C:\Users\USER\AppData\Local\GitHubDesktop\bin;C:\Program Files\Java\jdk-17.0.13.11-hotspot\bin;C:\PHP;C:\Users\USER\AppData\Roaming\Composer\vendor\bin;C:\javafx-sdk-21.0.2\lib;C:\Program Files\PostgreSQL\17\bin;C:\Program Files\MongoDB\Server\8.0\bin;C:\Users\USER\AppData\Roaming\npm;C:\ProgramData\chocolatey\lib\deno;
USERNAME=USER
LANG=en_US.UTF-8
OS=Windows_NT
PROCESSOR_IDENTIFIER=Intel64 Family 6 Model 61 Stepping 4, GenuineIntel
TMP=C:\Users\USER\AppData\Local\Temp
TEMP=C:\Users\USER\AppData\Local\Temp



Periodic native trim disabled


---------------  S Y S T E M  ---------------

OS:
 Windows 10 , 64 bit Build 19041 (10.0.19041.5438)
OS uptime: 0 days 12:23 hours
Hyper-V role detected

CPU: total 4 (initial active 4) (2 cores per cpu, 2 threads per core) family 6 model 61 stepping 4 microcode 0x2d, cx8, cmov, fxsr, ht, mmx, 3dnowpref, sse, sse2, sse3, ssse3, sse4.1, sse4.2, popcnt, lzcnt, tsc, tscinvbit, avx, avx2, aes, erms, clmul, bmi1, bmi2, adx, fma, vzeroupper, clflush, hv
Processor Information for all 4 processors :
  Max Mhz: 2000, Current Mhz: 2000, Mhz Limit: 2000

Memory: 4k page, system-wide physical 8101M (522M free)
TotalPageFile size 18659M (AvailPageFile size 30M)
current process WorkingSet (physical memory assigned to process): 10M, peak: 10M
current process commit charge ("private bytes"): 52M, peak: 179M

vm_info: OpenJDK 64-Bit Server VM (17.0.13+11) for windows-amd64 JRE (17.0.13+11), built on Oct 16 2024 00:10:08 by "admin" with MS VC++ 17.7 (VS2022)

END.
